{
  "stats": {
    "suites": 2,
    "tests": 2,
    "passes": 2,
    "pending": 0,
    "failures": 0,
    "start": "2025-04-18T17:42:54.946Z",
    "end": "2025-04-18T17:43:18.407Z",
    "duration": 23461,
    "testsRegistered": 2,
    "passPercent": 100,
    "pendingPercent": 0,
    "other": 0,
    "hasOther": false,
    "skipped": 0,
    "hasSkipped": false
  },
  "results": [
    {
      "uuid": "cd9b62b2-d262-49e5-bfb8-a170118fa61e",
      "title": "",
      "fullFile": "",
      "file": "",
      "beforeHooks": [],
      "afterHooks": [],
      "tests": [],
      "suites": [
        {
          "uuid": "e2f5b1ab-d78a-4722-9335-57266efcba35",
          "title": "Google Search Test",
          "fullFile": "D:\\boothcamp QA\\mochaHW9\\test\\sesi-9\\test-sauce9.js",
          "file": "\\test\\sesi-9\\test-sauce9.js",
          "beforeHooks": [],
          "afterHooks": [],
          "tests": [
            {
              "title": "Visit SauceDemo dan cek page title",
              "fullTitle": "Google Search Test Visit SauceDemo dan cek page title",
              "timedOut": false,
              "duration": 12853,
              "state": "passed",
              "speed": "slow",
              "pass": true,
              "fail": false,
              "pending": false,
              "context": null,
              "code": "driver = await new Builder ().forBrowser('chrome').build();\nawait driver.get('https://www.saucedemo.com');\nconst title = await driver.getTitle();\nassert.strictEqual(title, 'Swag Labs');\nlet inputUsername = await driver.findElement(By.css('[data-test=\"username\"]'))\nlet inputPassword = await driver.findElement(By.xpath('//*[@data-test=\"password\"]'))\nlet inputbuttonLogin = await driver.findElement(By.className('submit-button btn_action'))\nawait inputUsername.sendKeys('standard_user')\nawait inputPassword.sendKeys('secret_sauce')\nawait inputbuttonLogin.click()\nlet buttonCart = await driver.wait(\n    until.elementLocated(By.xpath('//*[@data-test=\"shopping-cart-link\"]')), \n    3000\n);\nawait buttonCart.isDisplayed()\nlet textAppLogo = await driver.findElement(By.className('app_logo'))\nlet logotext = await textAppLogo.getText();\nassert.strictEqual(logotext, 'Swag Labs')\nawait driver.sleep(3000);\nawait driver.quit();",
              "err": {},
              "uuid": "a6c35b61-57e5-4ffe-b78b-4eeec1e28b2e",
              "parentUUID": "e2f5b1ab-d78a-4722-9335-57266efcba35",
              "isHook": false,
              "skipped": false
            }
          ],
          "suites": [],
          "passes": [
            "a6c35b61-57e5-4ffe-b78b-4eeec1e28b2e"
          ],
          "failures": [],
          "pending": [],
          "skipped": [],
          "duration": 12853,
          "root": false,
          "rootEmpty": false,
          "_timeout": 60000
        },
        {
          "uuid": "61451d5a-a8c4-4711-9c23-e89d27a33134",
          "title": "Google Search Test",
          "fullFile": "D:\\boothcamp QA\\mochaHW9\\test\\sesi-9\\test1-sauce9.js",
          "file": "\\test\\sesi-9\\test1-sauce9.js",
          "beforeHooks": [],
          "afterHooks": [],
          "tests": [
            {
              "title": "Visit SauceDemo dan cek page title",
              "fullTitle": "Google Search Test Visit SauceDemo dan cek page title",
              "timedOut": false,
              "duration": 10540,
              "state": "passed",
              "speed": "slow",
              "pass": true,
              "fail": false,
              "pending": false,
              "context": null,
              "code": "driver = await new Builder().forBrowser('chrome').build();\nawait driver.get('https://www.saucedemo.com');\nconst title = await driver.getTitle();\n\nassert.strictEqual(title, 'Swag Labs');\n\nlet inputUsername = await driver.findElement(By.css('[data-test=\"username\"]'))\nlet inputPassword = await driver.findElement(By.xpath('//*[@data-test=\"password\"]'))\nlet inputbuttonlogin = await driver.findElement(By.className('submit-button btn_action'))\nawait inputUsername.sendKeys('standard_user')\nawait inputPassword.sendKeys('secret_sauce')\nawait inputbuttonlogin.click()\n\n\n    await driver.wait(until.elementLocated(By.className('inventory_item')), 10000);\n\n    const sortDropdown = await driver.findElement(By.className('product_sort_container'));\n    await sortDropdown.sendKeys('Name (A to Z)');\n\n    const productNamesElements = await driver.findElements(By.className('Test.allTheThings() T-Shirt (Red)'));\n    const productNames = [];\n\n    for (let el of productNamesElements) {\nconst productNames = [\"name\"];\n    }\n\n    const sortedNames = [...productNames].sort();\n\n\n    assert.deepStrictEqual(productNames, sortedNames, 'Produk belum sesuai abjad A ke Z');\n\nawait driver.sleep(3000);\nawait driver.quit();",
              "err": {},
              "uuid": "16200125-53a9-4059-9cb5-a2bffeee4156",
              "parentUUID": "61451d5a-a8c4-4711-9c23-e89d27a33134",
              "isHook": false,
              "skipped": false
            }
          ],
          "suites": [],
          "passes": [
            "16200125-53a9-4059-9cb5-a2bffeee4156"
          ],
          "failures": [],
          "pending": [],
          "skipped": [],
          "duration": 10540,
          "root": false,
          "rootEmpty": false,
          "_timeout": 60000
        }
      ],
      "passes": [],
      "failures": [],
      "pending": [],
      "skipped": [],
      "duration": 0,
      "root": true,
      "rootEmpty": true,
      "_timeout": 60000
    }
  ],
  "meta": {
    "mocha": {
      "version": "11.1.0"
    },
    "mochawesome": {
      "options": {
        "quiet": false,
        "reportFilename": "mochawesome",
        "saveHtml": true,
        "saveJson": true,
        "consoleReporter": "spec",
        "useInlineDiffs": false,
        "code": true
      },
      "version": "7.1.3"
    },
    "marge": {
      "options": null,
      "version": "6.2.0"
    }
  }
}